<?xml version="1.0" encoding="UTF-8" ?>
<testsuite errors="3" failures="0" hostname="David-PC" name="org.petah.spring.bai.unit.ConfigReaderTest" tests="3" time="0.414" timestamp="2010-05-07T22:55:11">
  <properties>
    <property name="default.javac.source" value="1.6" />
    <property name="file.encoding.pkg" value="sun.io" />
    <property name="libs.toplink.maven-pom" value="" />
    <property name="javac.source" value="1.5" />
    <property name="netbeans.system_http_proxy" value="DIRECT" />
    <property name="java.home" value="D:\Program Files\Java\jdk1.6.0_17\jre" />
    <property name="test.src.dir" value="test" />
    <property name="file.reference.org.petah.common.jar" value="lib/org.petah.common.jar" />
    <property name="libs.jaxws21.src" value="" />
    <property name="javadoc.version" value="false" />
    <property name="ant.file.BAI" value="D:\Evoke\BAI\build.xml" />
    <property name="libs.CopyLibs.classpath" value="D:\Users\David\.netbeans\6.8\ant\extra\org-netbeans-modules-java-j2seproject-copylibstask.jar" />
    <property name="libs.javac-api.src" value="" />
    <property name="java.endorsed.dirs" value="D:\Program Files\Java\jdk1.6.0_17\jre\lib\endorsed" />
    <property name="libs.MySQLDriver.classpath" value="D:\Program Files\NetBeans 6.8\ide12\modules\ext\mysql-connector-java-5.1.6-bin.jar" />
    <property name="libs.jaxb.javadoc" value="D:\Program Files\NetBeans 6.8\ide12\docs\jaxb-api-doc.zip" />
    <property name="libs.junit.maven-pom" value="" />
    <property name="manifest.available+mkdist.available" value="true" />
    <property name="libs.PostgreSQLDriver.src" value="" />
    <property name="src.dir" value="src" />
    <property name="sun.java2d.noddraw" value="true" />
    <property name="debug-args-line" value="-Xdebug" />
    <property name="netbeans.hash.code" value="unique=NB_PHP07d090538-4397-4244-91f8-673aac29d5fb_40aa538d-bf8b-4e6c-a48b-04c8523544bc" />
    <property name="build.sysclasspath" value="ignore" />
    <property name="have.sources" value="true" />
    <property name="includes" value="**" />
    <property name="javac.fork" value="false" />
    <property name="source.encoding" value="UTF-8" />
    <property name="libs.jaxws21.classpath" value="D:\Program Files\NetBeans 6.8\ide12\modules\ext\jaxb\activation.jar;D:\Program Files\NetBeans 6.8\ide12\modules\ext\jaxb\api\jaxb-api.jar;D:\Program Files\NetBeans 6.8\ide12\modules\ext\jaxb\jaxb-impl.jar;D:\Program Files\NetBeans 6.8\ide12\modules\ext\jaxb\jaxb-xjc.jar;D:\Program Files\NetBeans 6.8\ide12\modules\ext\jaxb\api\jsr173_api.jar;D:\Users\David\.netbeans\6.8\modules\ext\jaxws22\FastInfoset.jar;D:\Users\David\.netbeans\6.8\modules\ext\jaxws22\gmbal-api-only.jar;D:\Users\David\.netbeans\6.8\modules\ext\jaxws22\http.jar;D:\Users\David\.netbeans\6.8\modules\ext\jaxws22\api\jaxws-api.jar;D:\Users\David\.netbeans\6.8\modules\ext\jaxws22\jaxws-rt.jar;D:\Users\David\.netbeans\6.8\modules\ext\jaxws22\jaxws-tools.jar;D:\Users\David\.netbeans\6.8\modules\ext\jaxws22\api\jsr181-api.jar;D:\Users\David\.netbeans\6.8\modules\ext\jaxws22\api\jsr250-api.jar;D:\Users\David\.netbeans\6.8\modules\ext\jaxws22\management-api.jar;D:\Users\David\.netbeans\6.8\modules\ext\jaxws22\mimepull.jar;D:\Users\David\.netbeans\6.8\modules\ext\jaxws22\policy.jar;D:\Users\David\.netbeans\6.8\modules\ext\jaxws22\api\saaj-api.jar;D:\Users\David\.netbeans\6.8\modules\ext\jaxws22\saaj-impl.jar;D:\Users\David\.netbeans\6.8\modules\ext\jaxws22\stax-ex.jar;D:\Users\David\.netbeans\6.8\modules\ext\jaxws22\streambuffer.jar;D:\Users\David\.netbeans\6.8\modules\ext\jaxws22\woodstox.jar" />
    <property name="libs.swing-app-framework.javadoc" value="D:\Users\David\.netbeans\6.8\docs\appframework-1.0.3-doc.zip" />
    <property name="sun.os.patch.level" value="" />
    <property name="java.vendor.url" value="http://java.sun.com/" />
    <property name="java.version" value="1.6.0_17" />
    <property name="nb.show.statistics.ui" value="usageStatisticsEnabled" />
    <property name="ant.file.-profiler-impl" value="D:\Evoke\BAI\nbproject\profiler-build-impl.xml" />
    <property name="javac.debug" value="true" />
    <property name="org.openide.major.version" value="IDE/1" />
    <property name="run.classpath" value="lib/org.petah.common.jar:lib/jdom.jar:lib/java-interface-0.1/AIInterface.jar:lib/java-interface-0.1/jlib/AIInterface-src.jar:lib/java-interface-0.1/jlib/jna.jar:lib/java-interface-0.1/jlib/vecmath.jar:build/classes" />
    <property name="libs.PostgreSQLDriver.maven-pom" value="" />
    <property name="java.vendor.url.bug" value="http://java.sun.com/cgi-bin/bugreport.cgi" />
    <property name="netbeans.autoupdate.variant" value="" />
    <property name="libs.eclipselink.javadoc" value="" />
    <property name="jaxbwiz.endorsed.dirs" value="D:\Program Files\NetBeans 6.8\ide12\modules\ext\jaxb\api" />
    <property name="libs.absolutelayout.javadoc" value="" />
    <property name="libs.junit_4.maven-pom" value="" />
    <property name="netbeans.buildnumber" value="200912041610" />
    <property name="manifest.file" value="manifest.mf" />
    <property name="libs.swing-app-framework.maven-pom" value="" />
    <property name="user.name" value="David" />
    <property name="jnlp.enabled" value="false" />
    <property name="manifest.available+main.class+mkdist.available" value="true" />
    <property name="empty.dir" value="D:\Evoke\BAI\build\empty" />
    <property name="file.reference.AIInterface.jar" value="lib/java-interface-0.1/AIInterface.jar" />
    <property name="sun.io.unicode.encoding" value="UnicodeLittle" />
    <property name="sun.jnu.encoding" value="Cp1252" />
    <property name="java.runtime.name" value="Java(TM) SE Runtime Environment" />
    <property name="application.vendor" value="Petah" />
    <property name="php.global.include.path" value="" />
    <property name="jdk.home" value="D:\Program Files\Java\jdk1.6.0_17" />
    <property name="sun.awt.keepWorkingSetOnMinimize" value="true" />
    <property name="netbeans.autoupdate.version" value="1.23" />
    <property name="org.openide.TopManager" value="org.netbeans.core.NonGui" />
    <property name="netbeans.dirs" value="D:\Program Files\NetBeans 6.8\nb6.8;D:\Program Files\NetBeans 6.8\ergonomics2;D:\Program Files\NetBeans 6.8\ide12;D:\Program Files\NetBeans 6.8\java3;D:\Program Files\NetBeans 6.8\xml2;D:\Program Files\NetBeans 6.8\apisupport1;D:\Program Files\NetBeans 6.8\webcommon1;D:\Program Files\NetBeans 6.8\websvccommon1;D:\Program Files\NetBeans 6.8\enterprise6;D:\Program Files\NetBeans 6.8\mobility8;D:\Program Files\NetBeans 6.8\profiler3;D:\Program Files\NetBeans 6.8\ruby2;D:\Program Files\NetBeans 6.8\python1;D:\Program Files\NetBeans 6.8\php1;D:\Program Files\NetBeans 6.8\visualweb2;D:\Program Files\NetBeans 6.8\soa2;D:\Program Files\NetBeans 6.8\identity2;D:\Program Files\NetBeans 6.8\uml6;D:\Program Files\NetBeans 6.8\harness;D:\Program Files\NetBeans 6.8\cnd3;D:\Program Files\NetBeans 6.8\dlight2;D:\Program Files\NetBeans 6.8\groovy2;D:\Program Files\NetBeans 6.8\extra;D:\Program Files\NetBeans 6.8\javafx2;D:\Program Files\NetBeans 6.8\javacard1" />
    <property name="main.class.available" value="true" />
    <property name="java.specification.name" value="Java Platform API Specification" />
    <property name="javadoc.author" value="false" />
    <property name="user.timezone" value="" />
    <property name="manifest.available" value="true" />
    <property name="libs.swing-layout.maven-pom" value="" />
    <property name="libs.junit.javadoc" value="D:\Users\David\.netbeans\6.8\docs\junit-3.8.2-api.zip" />
    <property name="org.openide.specification.version" value="6.2" />
    <property name="path.separator" value=";" />
    <property name="version-output" value="java version &quot;1.6" />
    <property name="libs.absolutelayout.classpath" value="D:\Users\David\.netbeans\6.8\modules\ext\AbsoluteLayout.jar" />
    <property name="libs.jaxb.maven-pom" value="" />
    <property name="netbeans.accept_license_class" value="org.netbeans.license.AcceptLicense" />
    <property name="file.encoding" value="Cp1252" />
    <property name="libs.eclipselink.src" value="" />
    <property name="dist.javadoc.dir" value="dist/javadoc" />
    <property name="https.nonProxyHosts" value="localhost|127.0.0.1|David-PC" />
    <property name="built-jar.properties" value="D:\Evoke\BAI\build\built-jar.properties" />
    <property name="libs.junit.src" value="" />
    <property name="ant.file" value="D:\Evoke\BAI\build.xml" />
    <property name="libs.junit_4.src" value="D:\Users\David\.netbeans\6.8\docs\junit-4.5-src.jar" />
    <property name="file.reference.Common_Library.jar" value="G:\Programming\Java\org.petah.common\dist\org.petah.common.jar" />
    <property name="netbeans.autoupdate.language" value="en" />
    <property name="do.jar" value="true" />
    <property name="java.io.tmpdir" value="D:\Users\David\AppData\Local\Temp\" />
    <property name="build.test.results.dir" value="build/test/results" />
    <property name="user.language" value="en" />
    <property name="line.separator" value="
" />
    <property name="apple.laf.useScreenMenuBar" value="true" />
    <property name="libs.absolutelayout.src" value="" />
    <property name="javac.compilerargs" value="" />
    <property name="jar.compress" value="true" />
    <property name="debug-transport-by-os" value="dt_shmem" />
    <property name="libs.JWSAntTasks.src" value="" />
    <property name="java.vm.info" value="mixed mode" />
    <property name="libs.javac-api.maven-pom" value="" />
    <property name="jnlp.codebase.url" value="file:/G:/Programming/Java/BAI/dist/" />
    <property name="javadoc.private" value="false" />
    <property name="sun.desktop" value="windows" />
    <property name="java.vm.specification.name" value="Java Virtual Machine Specification" />
    <property name="build.test.classes.dir" value="build/test/classes" />
    <property name="libs.jaxb.src" value="" />
    <property name="libs.MySQLDriver.javadoc" value="" />
    <property name="netbeans.dynamic.classpath" value="D:\Program Files\NetBeans 6.8\platform11\core\core.jar;D:\Program Files\NetBeans 6.8\platform11\core\org-openide-filesystems.jar;D:\Program Files\NetBeans 6.8\platform11\core\locale\core_ja.jar;D:\Program Files\NetBeans 6.8\platform11\core\locale\core_pt_BR.jar;D:\Program Files\NetBeans 6.8\platform11\core\locale\core_zh_CN.jar;D:\Program Files\NetBeans 6.8\platform11\core\locale\org-openide-filesystems_ja.jar;D:\Program Files\NetBeans 6.8\platform11\core\locale\org-openide-filesystems_pt_BR.jar;D:\Program Files\NetBeans 6.8\platform11\core\locale\org-openide-filesystems_zh_CN.jar;D:\Program Files\NetBeans 6.8\nb6.8\core\org-netbeans-upgrader.jar;D:\Program Files\NetBeans 6.8\nb6.8\core\locale\core_nb.jar;D:\Program Files\NetBeans 6.8\nb6.8\core\locale\core_nb_ja.jar;D:\Program Files\NetBeans 6.8\nb6.8\core\locale\core_nb_pt_BR.jar;D:\Program Files\NetBeans 6.8\nb6.8\core\locale\core_nb_zh_CN.jar;D:\Program Files\NetBeans 6.8\nb6.8\core\locale\org-netbeans-upgrader_ja.jar;D:\Program Files\NetBeans 6.8\nb6.8\core\locale\org-netbeans-upgrader_pt_BR.jar;D:\Program Files\NetBeans 6.8\nb6.8\core\locale\org-netbeans-upgrader_zh_CN.jar" />
    <property name="manifest.available+main.class" value="true" />
    <property name="libs.beans-binding.javadoc" value="D:\Users\David\.netbeans\6.8\docs\beansbinding-1.2.1-doc.zip" />
    <property name="platform.active" value="default_platform" />
    <property name="javac.includes.binary" value="D:\Evoke\BAI\build\test\classes\org\petah\spring\bai\unit\ConfigReaderTest.class" />
    <property name="http.nonProxyHosts" value="localhost|127.0.0.1|David-PC" />
    <property name="libs.junit_4.javadoc" value="D:\Users\David\.netbeans\6.8\docs\junit-4.5-api.zip" />
    <property name="jna.boot.library.path" value="D:\Users\David\.netbeans\6.8\var\cache\jna" />
    <property name="javac.includes" value="org/petah/spring/bai/unit/ConfigReaderTest.java" />
    <property name="netbeans.autoupdate.country" value="NZ" />
    <property name="libs.beans-binding.maven-pom" value="" />
    <property name="do.mkdist" value="true" />
    <property name="javadoc.encoding" value="UTF-8" />
    <property name="java.awt.printerjob" value="sun.awt.windows.WPrinterJob" />
    <property name="dist.jar" value="bai/0.1/SkirmishAI.jar" />
    <property name="meta.inf.dir" value="src/META-INF" />
    <property name="ant.version" value="Apache Ant version 1.7.1 compiled on June 27 2008" />
    <property name="netbeans.home" value="D:\Program Files\NetBeans 6.8\platform11" />
    <property name="javadoc.nonavbar" value="false" />
    <property name="user.properties.file" value="D:\Users\David\.netbeans\6.8\build.properties" />
    <property name="file.reference.AIInterface-src.jar" value="lib/java-interface-0.1/jlib/AIInterface-src.jar" />
    <property name="libs.JWSAntTasks.classpath" value="D:\Users\David\.netbeans\6.8\ant\extra\org-netbeans-modules-javawebstart-anttasks.jar" />
    <property name="libs.toplink.classpath" value="D:\Users\David\.netbeans\6.8\modules\ext\toplink\toplink-essentials.jar;D:\Users\David\.netbeans\6.8\modules\ext\toplink\toplink-essentials-agent.jar" />
    <property name="netbeans.importclass" value="org.netbeans.upgrade.AutoUpgrade" />
    <property name="libs.CopyLibs.maven-pom" value="" />
    <property name="useJavaUtilZip" value="true" />
    <property name="build.generated.dir" value="build/generated" />
    <property name="netbeans.home+have.tests" value="true" />
    <property name="libs.eclipselink.maven-pom" value="" />
    <property name="os.name" value="Windows 7" />
    <property name="java.specification.vendor" value="Sun Microsystems Inc." />
    <property name="run.test.classpath" value="lib/org.petah.common.jar:lib/jdom.jar:lib/java-interface-0.1/AIInterface.jar:lib/java-interface-0.1/jlib/AIInterface-src.jar:lib/java-interface-0.1/jlib/jna.jar:lib/java-interface-0.1/jlib/vecmath.jar:build/classes:D:\Program Files\NetBeans 6.8\platform11\modules\ext\junit-4.5.jar:build/test/classes" />
    <property name="java.vm.name" value="Java HotSpot(TM) Client VM" />
    <property name="libs.CopyLibs.src" value="" />
    <property name="manifest.available-mkdist.available" value="true" />
    <property name="org.openide.version" value="deprecated" />
    <property name="libs.beans-binding.src" value="" />
    <property name="libs.junit.classpath" value="D:\Users\David\.netbeans\6.8\modules\ext\junit-3.8.2.jar" />
    <property name="java.library.path" value="D:\Program Files\Java\jdk1.6.0_17\jre\bin;.;D:\Windows\Sun\Java\bin;D:\Windows\system32;D:\Windows;D:\oraclexe\app\oracle\product\10.2.0\server\bin;D:\DevSuiteHome_2\jdk\jre\bin\classic;D:\DevSuiteHome_2\jdk\jre\bin;D:\DevSuiteHome_2\jdk\jre\bin\client;D:\DevSuiteHome_2\jlib;D:\DevSuiteHome_2\bin;D:\DevSuiteHome_2\jre\1.4.2\bin\client;D:\DevSuiteHome_2\jre\1.4.2\bin;D:\Ruby\bin;D:\Windows\system32;D:\Windows;D:\Windows\System32\Wbem;D:\Windows\System32\WindowsPowerShell\v1.0\;D:\Program Files\Git\cmd;D:\Program Files\QuickTime\QTSystem\" />
    <property name="libs.toplink.javadoc" value="" />
    <property name="libs.PostgreSQLDriver.javadoc" value="" />
    <property name="ant.java.version" value="1.6" />
    <property name="java.class.version" value="50.0" />
    <property name="basedir" value="D:\Evoke\BAI" />
    <property name="javadoc.noindex" value="false" />
    <property name="sun.awt.exception.handler" value="org.netbeans.core.startup.TopLogging$AWTHandler" />
    <property name="javac.test.classpath" value="lib/org.petah.common.jar:lib/jdom.jar:lib/java-interface-0.1/AIInterface.jar:lib/java-interface-0.1/jlib/AIInterface-src.jar:lib/java-interface-0.1/jlib/jna.jar:lib/java-interface-0.1/jlib/vecmath.jar:build/classes:D:\Program Files\NetBeans 6.8\platform11\modules\ext\junit-4.5.jar" />
    <property name="ant.home" value="D:\Users\David\.netbeans\6.8\ant" />
    <property name="javadoc.splitindex" value="true" />
    <property name="libs.toplink.src" value="" />
    <property name="libs.javac-api.javadoc" value="" />
    <property name="javadoc.preview" value="true" />
    <property name="libs.MySQLDriver.maven-pom" value="" />
    <property name="libs.CopyLibs.javadoc" value="" />
    <property name="libs.PostgreSQLDriver.classpath" value="D:\Program Files\NetBeans 6.8\ide12\modules\ext\postgresql-8.3-603.jdbc3.jar" />
    <property name="libs.jaxws21.maven-pom" value="" />
    <property name="libs.junit_4.classpath" value="D:\Program Files\NetBeans 6.8\platform11\modules\ext\junit-4.5.jar" />
    <property name="build.dir" value="build" />
    <property name="sun.boot.library.path" value="D:\Program Files\Java\jdk1.6.0_17\jre\bin" />
    <property name="application.title" value="BAI" />
    <property name="sun.management.compiler" value="HotSpot Client Compiler" />
    <property name="libs.swing-app-framework.classpath" value="D:\Users\David\.netbeans\6.8\modules\ext\appframework-1.0.3.jar;D:\Users\David\.netbeans\6.8\modules\ext\swing-worker-1.1.jar" />
    <property name="user.variant" value="" />
    <property name="java.awt.graphicsenv" value="sun.awt.Win32GraphicsEnvironment" />
    <property name="javadoc.encoding.used" value="UTF-8" />
    <property name="javadoc.windowtitle" value="" />
    <property name="run.jvmargs" value="-Xss20m  -Xmx512m" />
    <property name="build.generated.sources.dir" value="build/generated-sources" />
    <property name="build.compiler.emacs" value="true" />
    <property name="ant.project.name" value="BAI" />
    <property name="libs.swing-layout.classpath" value="D:\Program Files\NetBeans 6.8\platform11\modules\ext\swing-layout-1.0.4.jar" />
    <property name="java.vm.specification.version" value="1.0" />
    <property name="ant.file.BAI-impl" value="D:\Evoke\BAI\nbproject\build-impl.xml" />
    <property name="work.dir" value="D:\Evoke\BAI" />
    <property name="libs.jaxb.classpath" value="D:\Program Files\NetBeans 6.8\ide12\modules\ext\jaxb\activation.jar;D:\Program Files\NetBeans 6.8\ide12\modules\ext\jaxb\api\jaxb-api.jar;D:\Program Files\NetBeans 6.8\ide12\modules\ext\jaxb\jaxb-impl.jar;D:\Program Files\NetBeans 6.8\ide12\modules\ext\jaxb\jaxb1-impl.jar;D:\Program Files\NetBeans 6.8\ide12\modules\ext\jaxb\jaxb-xjc.jar;D:\Program Files\NetBeans 6.8\ide12\modules\ext\jaxb\api\jsr173_api.jar" />
    <property name="awt.toolkit" value="sun.awt.windows.WToolkit" />
    <property name="manifest.available+main.class-mkdist.available" value="true" />
    <property name="javadoc.use" value="true" />
    <property name="sun.cpu.isalist" value="pentium_pro+mmx pentium_pro pentium+mmx pentium i486 i386 i86" />
    <property name="java.ext.dirs" value="D:\Program Files\Java\jdk1.6.0_17\jre\lib\ext;D:\Windows\Sun\Java\lib\ext" />
    <property name="os.version" value="6.1" />
    <property name="excludes" value="" />
    <property name="jnlp.descriptor" value="application" />
    <property name="user.home" value="D:\Users\David" />
    <property name="org.xml.sax.driver" value="com.sun.org.apache.xerces.internal.jaxp.SAXParserImpl$JAXPSAXParser" />
    <property name="java.vm.vendor" value="Sun Microsystems Inc." />
    <property name="libs.absolutelayout.maven-pom" value="" />
    <property name="user.dir" value="D:\Evoke\BAI" />
    <property name="org.openide.TopManager.GUI" value="true" />
    <property name="debug-transport" value="dt_shmem" />
    <property name="application.args" value="" />
    <property name="sun.cpu.endian" value="little" />
    <property name="compile.on.save" value="false" />
    <property name="endorsed.classpath.cmd.line.arg" value="-Xbootclasspath/p:&apos;D:\Evoke\BAI\${endorsed.classpath}&apos;" />
    <property name="file.reference.jdom.jar" value="lib/jdom.jar" />
    <property name="jnlp.offline-allowed" value="false" />
    <property name="java.vm.version" value="14.3-b01" />
    <property name="libs.MySQLDriver.src" value="" />
    <property name="java.class.path" value="D:\Evoke\BAI\lib\org.petah.common.jar;D:\Evoke\BAI\lib\jdom.jar;D:\Evoke\BAI\lib\java-interface-0.1\AIInterface.jar;D:\Evoke\BAI\lib\java-interface-0.1\jlib\AIInterface-src.jar;D:\Evoke\BAI\lib\java-interface-0.1\jlib\jna.jar;D:\Evoke\BAI\lib\java-interface-0.1\jlib\vecmath.jar;D:\Evoke\BAI\build\classes;D:\Program Files\NetBeans 6.8\platform11\modules\ext\junit-4.5.jar;D:\Evoke\BAI\build\test\classes;D:\Evoke\BAI;D:\Program Files\Java\jre6\lib\ext\QTJava.zip;D:\Users\David\.netbeans\6.8\ant\lib\ant-launcher.jar;D:\Users\David\.netbeans\6.8\ant\lib\ant.jar;D:\Users\David\.netbeans\6.8\ant\patches\72080.jar" />
    <property name="file.reference.vecmath.jar" value="lib/java-interface-0.1/jlib/vecmath.jar" />
    <property name="os.arch" value="x86" />
    <property name="javac.deprecation" value="true" />
    <property name="build.classes.excludes" value="**/*.java,**/*.form" />
    <property name="dist.dir" value="dist" />
    <property name="netbeans.user" value="D:\Users\David\.netbeans\6.8" />
    <property name="debug.classpath" value="lib/org.petah.common.jar:lib/jdom.jar:lib/java-interface-0.1/AIInterface.jar:lib/java-interface-0.1/jlib/AIInterface-src.jar:lib/java-interface-0.1/jlib/jna.jar:lib/java-interface-0.1/jlib/vecmath.jar:build/classes" />
    <property name="sun.java.launcher" value="SUN_STANDARD" />
    <property name="jnlp.codebase.type" value="local" />
    <property name="ant.core.lib" value="D:\Users\David\.netbeans\6.8\ant\lib\ant.jar" />
    <property name="jnlp.signed" value="false" />
    <property name="java.vm.specification.vendor" value="Sun Microsystems Inc." />
    <property name="do.depend" value="false" />
    <property name="file.separator" value="\" />
    <property name="java.runtime.version" value="1.6.0_17-b04" />
    <property name="sun.boot.class.path" value="D:\Evoke\BAI\${endorsed.classpath};D:\Program Files\Java\jdk1.6.0_17\jre\lib\resources.jar;D:\Program Files\Java\jdk1.6.0_17\jre\lib\rt.jar;D:\Program Files\Java\jdk1.6.0_17\jre\lib\sunrsasign.jar;D:\Program Files\Java\jdk1.6.0_17\jre\lib\jsse.jar;D:\Program Files\Java\jdk1.6.0_17\jre\lib\jce.jar;D:\Program Files\Java\jdk1.6.0_17\jre\lib\charsets.jar;D:\Program Files\Java\jdk1.6.0_17\jre\classes" />
    <property name="debug.test.classpath" value="lib/org.petah.common.jar:lib/jdom.jar:lib/java-interface-0.1/AIInterface.jar:lib/java-interface-0.1/jlib/AIInterface-src.jar:lib/java-interface-0.1/jlib/jna.jar:lib/java-interface-0.1/jlib/vecmath.jar:build/classes:D:\Program Files\NetBeans 6.8\platform11\modules\ext\junit-4.5.jar:build/test/classes" />
    <property name="libs.beans-binding.classpath" value="D:\Users\David\.netbeans\6.8\modules\ext\beansbinding-1.2.1.jar" />
    <property name="have.tests" value="true" />
    <property name="main.class" value="org.petah.spring.bai.TestMain" />
    <property name="test.includes" value="org/petah/spring/bai/unit/ConfigReaderTest.java" />
    <property name="libs.JWSAntTasks.maven-pom" value="" />
    <property name="java.util.logging.config.class" value="org.netbeans.core.startup.TopLogging" />
    <property name="file.reference.jna.jar" value="lib/java-interface-0.1/jlib/jna.jar" />
    <property name="libs.javac-api.classpath" value="D:\Users\David\.netbeans\6.8\modules\ext\javac-api-nb-7.0-b07.jar" />
    <property name="user.country" value="NZ" />
    <property name="javadoc.notree" value="false" />
    <property name="libs.jaxws21.javadoc" value="D:\Users\David\.netbeans\6.8\docs\jaxws-api-doc.zip" />
    <property name="default.javac.target" value="1.6" />
    <property name="javadoc.additionalparam" value="" />
    <property name="javac.classpath" value="lib/org.petah.common.jar:lib/jdom.jar:lib/java-interface-0.1/AIInterface.jar:lib/java-interface-0.1/jlib/AIInterface-src.jar:lib/java-interface-0.1/jlib/jna.jar:lib/java-interface-0.1/jlib/vecmath.jar" />
    <property name="build.classes.dir" value="build/classes" />
    <property name="libs.swing-layout.src" value="D:\Program Files\NetBeans 6.8\platform11\docs\swing-layout-1.0.4-src.zip" />
    <property name="libs.swing-layout.javadoc" value="D:\Program Files\NetBeans 6.8\platform11\docs\swing-layout-1.0.4-doc.zip" />
    <property name="java.vendor" value="Sun Microsystems Inc." />
    <property name="javac.target" value="1.5" />
    <property name="libs.eclipselink.classpath" value="D:\Users\David\.netbeans\6.8\modules\ext\eclipselink\eclipselink-2.0.0.jar;D:\Users\David\.netbeans\6.8\modules\ext\eclipselink\eclipselink-javax.persistence-2.0.jar" />
    <property name="runtime.encoding" value="UTF-8" />
    <property name="libs.swing-app-framework.src" value="" />
    <property name="java.specification.version" value="1.6" />
    <property name="libs.JWSAntTasks.javadoc" value="" />
    <property name="sun.arch.data.model" value="32" />
  </properties>
  <testcase classname="org.petah.spring.bai.unit.ConfigReaderTest" name="testParse" time="0.189">
    <error message="D:\Evoke\BAI\build\classes\settings\default.unit.xml does not exist" type="java.lang.RuntimeException">java.lang.RuntimeException: D:\Evoke\BAI\build\classes\settings\default.unit.xml does not exist
	at org.petah.spring.bai.unit.ConfigReader.&lt;init&gt;(ConfigReader.java:31)
	at org.petah.spring.bai.unit.ConfigReaderTest.testParse(ConfigReaderTest.java:47)
</error>
  </testcase>
  <testcase classname="org.petah.spring.bai.unit.ConfigReaderTest" name="testStartElement" time="0.036">
    <error message="D:\Evoke\BAI\build\classes\settings\default.unit.xml does not exist" type="java.lang.RuntimeException">java.lang.RuntimeException: D:\Evoke\BAI\build\classes\settings\default.unit.xml does not exist
	at org.petah.spring.bai.unit.ConfigReader.&lt;init&gt;(ConfigReader.java:31)
	at org.petah.spring.bai.unit.ConfigReaderTest.testStartElement(ConfigReaderTest.java:62)
</error>
  </testcase>
  <testcase classname="org.petah.spring.bai.unit.ConfigReaderTest" name="testEndElement" time="0.0060">
    <error message="D:\Evoke\BAI\build\classes\settings\default.unit.xml does not exist" type="java.lang.RuntimeException">java.lang.RuntimeException: D:\Evoke\BAI\build\classes\settings\default.unit.xml does not exist
	at org.petah.spring.bai.unit.ConfigReader.&lt;init&gt;(ConfigReader.java:31)
	at org.petah.spring.bai.unit.ConfigReaderTest.testEndElement(ConfigReaderTest.java:77)
</error>
  </testcase>
  <system-out><![CDATA[parse
startElement
endElement
]]></system-out>
  <system-err><![CDATA[8/05/2010 10:55:11 AM org.petah.common.option.OptionsManager <clinit>
INFO: org.petah.common.option.OptionsManager initialized
]]></system-err>
</testsuite>
